<?xml version="1.0" encoding="UTF-8"?>
<testng-results skipped="0" failed="0" ignored="0" total="1" passed="1">
  <reporter-output>
  </reporter-output>
  <suite name="Default suite" duration-ms="16430" started-at="2021-03-20T23:48:49Z" finished-at="2021-03-20T23:49:05Z">
    <groups>
      <group name="cucumber">
        <method signature="AbstractTestNGCucumberTests.feature(cucumber.api.testng.CucumberFeatureWrapper)[pri:0, instance:ups.nj.myrunner.LoginRunner@2e377400]" name="feature" class="cucumber.api.testng.AbstractTestNGCucumberTests"/>
      </group> <!-- cucumber -->
    </groups>
    <test name="Default test" duration-ms="16430" started-at="2021-03-20T23:48:49Z" finished-at="2021-03-20T23:49:05Z">
      <class name="ups.nj.myrunner.LoginRunner">
        <test-method status="PASS" signature="setUpClass()[pri:0, instance:ups.nj.myrunner.LoginRunner@2e377400]" name="setUpClass" is-config="true" duration-ms="163" started-at="2021-03-20T23:48:49Z" finished-at="2021-03-20T23:48:49Z">
          <reporter-output>
          </reporter-output>
        </test-method> <!-- setUpClass -->
        <test-method status="PASS" signature="feature(cucumber.api.testng.CucumberFeatureWrapper)[pri:0, instance:ups.nj.myrunner.LoginRunner@2e377400]" name="feature" duration-ms="16172" started-at="2021-03-20T23:48:49Z" description="Runs Cucumber Feature" data-provider="features" finished-at="2021-03-20T23:49:05Z">
          <params>
            <param index="0">
              <value>
                <![CDATA[User able to login with valid username & password.]]>
              </value>
            </param>
          </params>
          <reporter-output>
          </reporter-output>
        </test-method> <!-- feature -->
        <test-method status="PASS" signature="tearDownClass()[pri:0, instance:ups.nj.myrunner.LoginRunner@2e377400]" name="tearDownClass" is-config="true" duration-ms="4" started-at="2021-03-20T23:49:05Z" finished-at="2021-03-20T23:49:05Z">
          <reporter-output>
          </reporter-output>
        </test-method> <!-- tearDownClass -->
      </class> <!-- ups.nj.myrunner.LoginRunner -->
    </test> <!-- Default test -->
  </suite> <!-- Default suite -->
</testng-results>
